<?xml version="1.0" encoding="UTF-8"?>
<!-- Generated by org.testng.reporters.JUnitReportReporter -->
<testsuite hostname="bogon" name="script.ershouche.CheYuanXiangQingTest" tests="9" failures="0" timestamp="18 Jul 2017 06:35:25 GMT" time="1125.316" errors="0">
  <testcase name="ershouche_cheyuanxiangqing_testcase8" time="112.681" classname="script.ershouche.CheYuanXiangQingTest"/>
  <testcase name="ershouche_cheyuanxiangqing_testcase1" time="152.808" classname="script.ershouche.CheYuanXiangQingTest"/>
  <testcase name="ershouche_cheyuanxiangqing_testcase5" time="105.466" classname="script.ershouche.CheYuanXiangQingTest"/>
  <testcase name="ershouche_cheyuanxiangqing_testcase3" time="248.113" classname="script.ershouche.CheYuanXiangQingTest"/>
  <testcase name="ershouche_cheyuanxiangqing_testcase9" time="80.919" classname="script.ershouche.CheYuanXiangQingTest"/>
  <testcase name="ershouche_cheyuanxiangqing_testcase2" time="119.213" classname="script.ershouche.CheYuanXiangQingTest"/>
  <testcase name="ershouche_cheyuanxiangqing_testcase4" time="135.000" classname="script.ershouche.CheYuanXiangQingTest"/>
  <testcase name="ershouche_cheyuanxiangqing_testcase7" time="41.527" classname="script.ershouche.CheYuanXiangQingTest"/>
  <testcase name="ershouche_cheyuanxiangqing_testcase6" time="129.589" classname="script.ershouche.CheYuanXiangQingTest"/>
</testsuite> <!-- script.ershouche.CheYuanXiangQingTest -->
