<?xml version="1.0" encoding="UTF-8"?>
<!-- Generated by org.testng.reporters.JUnitReportReporter -->
<testsuite hostname="bogon" name="script.faxian.CheXingDuiBiTest" tests="6" failures="0" timestamp="13 Jul 2017 08:06:19 GMT" time="956.530" errors="0">
  <testcase name="faxian_chexingduibi_testcase4" time="318.480" classname="script.faxian.CheXingDuiBiTest"/>
  <testcase name="faxian_chexingduibi_testcase3" time="53.984" classname="script.faxian.CheXingDuiBiTest"/>
  <testcase name="faxian_chexingduibi_testcase5" time="380.219" classname="script.faxian.CheXingDuiBiTest"/>
  <testcase name="faxian_chexingduibi_testcase2" time="66.191" classname="script.faxian.CheXingDuiBiTest"/>
  <testcase name="faxian_chexingduibi_testCase1" time="134.919" classname="script.faxian.CheXingDuiBiTest"/>
  <testcase name="faxian_chexingduibi_testcase6" time="2.737" classname="script.faxian.CheXingDuiBiTest"/>
</testsuite> <!-- script.faxian.CheXingDuiBiTest -->
