<?xml version="1.0" encoding="UTF-8"?>
<!-- Generated by org.testng.reporters.JUnitReportReporter -->
<testsuite name="script.faxian.GouCheJiSuanQiTest" tests="2" failures="0" timestamp="1 Jun 2017 05:30:29 GMT" time="288.761" errors="0">
  <testcase name="faxian_gouchejisuanqi_testcase14" time="169.927" classname="script.faxian.GouCheJiSuanQiTest"/>
  <testcase name="faxian_gouchejisuanqi_testcase15" time="118.834" classname="script.faxian.GouCheJiSuanQiTest"/>
</testsuite> <!-- script.faxian.GouCheJiSuanQiTest -->
