<?xml version="1.0" encoding="UTF-8"?>
<!-- Generated by org.testng.reporters.JUnitReportReporter -->
<testsuite name="script.faxian.PengYouBangXuanCheTest" tests="6" failures="0" timestamp="7 Jun 2017 09:19:42 GMT" time="1330.356" errors="0">
  <testcase name="faxian_pengyoubangxuanche_testcase7" time="373.261" classname="script.faxian.PengYouBangXuanCheTest"/>
  <testcase name="faxian_pengyoubangxuanche_testcase8" time="229.752" classname="script.faxian.PengYouBangXuanCheTest"/>
  <testcase name="faxian_pengyoubangxuanche_testcase6" time="203.253" classname="script.faxian.PengYouBangXuanCheTest"/>
  <testcase name="faxian_pengyoubangxuanche_testcase5" time="223.493" classname="script.faxian.PengYouBangXuanCheTest"/>
  <testcase name="faxian_pengyoubangxuanche_testcase4" time="218.954" classname="script.faxian.PengYouBangXuanCheTest"/>
  <testcase name="faxian_pengyoubangxuanche_testcase9" time="81.643" classname="script.faxian.PengYouBangXuanCheTest"/>
</testsuite> <!-- script.faxian.PengYouBangXuanCheTest -->
