<?xml version="1.0" encoding="UTF-8"?>
<!-- Generated by org.testng.reporters.JUnitReportReporter -->
<testsuite name="script.YiCheTest" tests="1" failures="0" timestamp="26 Jun 2017 07:04:25 GMT" time="3280.867" errors="0">
  <testcase name="loading_testcase" time="3280.867" classname="script.YiCheTest"/>
</testsuite> <!-- script.YiCheTest -->
