<?xml version="1.0" encoding="UTF-8"?>
<!-- Generated by org.testng.reporters.JUnitReportReporter -->
<testsuite name="script.Test" tests="1" failures="0" timestamp="17 May 2017 05:43:21 GMT" time="28.725" errors="0">
  <testcase name="testCase1" time="28.725" classname="script.Test"/>
</testsuite> <!-- script.Test -->
