<?xml version="1.0" encoding="UTF-8"?>
<!-- Generated by org.testng.reporters.JUnitReportReporter -->
<testsuite hostname="bogon" name="script.xinche.ZiPinPaiJingXiaoShangTest" tests="1" failures="0" timestamp="17 Jul 2017 03:26:48 GMT" time="214.439" errors="0">
  <testcase name="xinche_zipinpaijingxiaoshang_testcase12" time="214.439" classname="script.xinche.ZiPinPaiJingXiaoShangTest"/>
</testsuite> <!-- script.xinche.ZiPinPaiJingXiaoShangTest -->
